<?xml version="1.0" encoding="UTF-8"?>
<!-- Generated by org.testng.reporters.JUnitXMLReporter -->
<testsuite ignored="0" hostname="IN-51RJ1J3" failures="0" tests="5" name="Default test" time="113.002" errors="0" timestamp="27 Jul 2022 09:49:03 GMT">
  <testcase classname="cucumber.api.testng.AbstractTestNGCucumberTests" name="feature" time="17.147"/>
  <testcase classname="cucumber.api.testng.AbstractTestNGCucumberTests" name="feature" time="17.209"/>
  <testcase classname="cucumber.api.testng.AbstractTestNGCucumberTests" name="feature" time="12.975"/>
  <testcase classname="cucumber.api.testng.AbstractTestNGCucumberTests" name="feature" time="51.486"/>
  <testcase classname="cucumber.api.testng.AbstractTestNGCucumberTests" name="feature" time="13.346"/>
</testsuite> <!-- Default test -->
