<?xml version="1.0" encoding="UTF-8"?>
<!-- Generated by org.testng.reporters.JUnitXMLReporter -->
<testsuite ignored="0" hostname="IN-51RJ1J3" failures="0" tests="5" name="Test" time="111.889" errors="0" timestamp="28 Jul 2022 08:42:40 GMT">
  <testcase classname="cucumber.api.testng.AbstractTestNGCucumberTests" name="feature" time="16.361"/>
  <testcase classname="cucumber.api.testng.AbstractTestNGCucumberTests" name="feature" time="15.72"/>
  <testcase classname="cucumber.api.testng.AbstractTestNGCucumberTests" name="feature" time="13.248"/>
  <testcase classname="cucumber.api.testng.AbstractTestNGCucumberTests" name="feature" time="51.328"/>
  <testcase classname="cucumber.api.testng.AbstractTestNGCucumberTests" name="feature" time="14.628"/>
</testsuite> <!-- Test -->
