<?xml version="1.0" encoding="UTF-8"?>
<testng-results ignored="0" total="5" passed="5" failed="0" skipped="0">
  <reporter-output>
  </reporter-output>
  <suite started-at="2022-07-27T09:47:10Z" name="Default suite" finished-at="2022-07-27T09:49:03Z" duration-ms="113002">
    <groups>
      <group name="cucumber">
        <method signature="AbstractTestNGCucumberTests.feature(cucumber.api.testng.CucumberFeatureWrapper)[pri:0, instance:Runner.Runner@258d79be]" name="feature" class="cucumber.api.testng.AbstractTestNGCucumberTests"/>
      </group> <!-- cucumber -->
    </groups>
    <test started-at="2022-07-27T09:47:10Z" name="Default test" finished-at="2022-07-27T09:49:03Z" duration-ms="113002">
      <class name="Runner.Runner">
        <test-method is-config="true" signature="setUp()[pri:0, instance:Runner.Runner@258d79be]" started-at="2022-07-27T09:47:08Z" name="setUp" finished-at="2022-07-27T09:47:10Z" duration-ms="2172" status="PASS">
          <reporter-output>
          </reporter-output>
        </test-method> <!-- setUp -->
        <test-method is-config="true" signature="setUpClass()[pri:0, instance:Runner.Runner@258d79be]" started-at="2022-07-27T09:47:10Z" name="setUpClass" finished-at="2022-07-27T09:47:10Z" duration-ms="152" status="PASS">
          <reporter-output>
          </reporter-output>
        </test-method> <!-- setUpClass -->
        <test-method is-config="true" signature="startTest(java.lang.reflect.Method)[pri:0, instance:Runner.Runner@258d79be]" started-at="2022-07-27T09:47:10Z" name="startTest" finished-at="2022-07-27T09:47:10Z" duration-ms="2" status="PASS">
          <params>
            <param index="0">
              <value>
                <![CDATA[public void cucumber.api.testng.AbstractTestNGCucumberTests.feature(cucumber.api.testng.CucumberFeatureWrapper)]]>
              </value>
            </param>
          </params>
          <reporter-output>
          </reporter-output>
        </test-method> <!-- startTest -->
        <test-method signature="feature(cucumber.api.testng.CucumberFeatureWrapper)[pri:0, instance:Runner.Runner@258d79be]" started-at="2022-07-27T09:47:10Z" name="feature" description="Runs Cucumber Feature" data-provider="features" finished-at="2022-07-27T09:47:27Z" duration-ms="17147" status="PASS">
          <params>
            <param index="0">
              <value>
                <![CDATA[Check the Functionality of Animation]]>
              </value>
            </param>
          </params>
          <reporter-output>
          </reporter-output>
        </test-method> <!-- feature -->
        <test-method is-config="true" signature="reportFlush(org.testng.ITestResult)[pri:0, instance:Runner.Runner@258d79be]" started-at="2022-07-27T09:47:27Z" name="reportFlush" finished-at="2022-07-27T09:47:28Z" duration-ms="282" status="PASS">
          <params>
            <param index="0">
              <value>
                <![CDATA[[TestResult name=feature status=SUCCESS method=AbstractTestNGCucumberTests.feature(cucumber.api.testng.CucumberFeatureWrapper)[pri:0, instance:Runner.Runner@258d79be] output={null}]]]>
              </value>
            </param>
          </params>
          <reporter-output>
          </reporter-output>
        </test-method> <!-- reportFlush -->
        <test-method is-config="true" signature="startTest(java.lang.reflect.Method)[pri:0, instance:Runner.Runner@258d79be]" started-at="2022-07-27T09:47:28Z" name="startTest" finished-at="2022-07-27T09:47:28Z" duration-ms="1" status="PASS">
          <params>
            <param index="0">
              <value>
                <![CDATA[public void cucumber.api.testng.AbstractTestNGCucumberTests.feature(cucumber.api.testng.CucumberFeatureWrapper)]]>
              </value>
            </param>
          </params>
          <reporter-output>
          </reporter-output>
        </test-method> <!-- startTest -->
        <test-method signature="feature(cucumber.api.testng.CucumberFeatureWrapper)[pri:0, instance:Runner.Runner@258d79be]" started-at="2022-07-27T09:47:28Z" name="feature" description="Runs Cucumber Feature" data-provider="features" finished-at="2022-07-27T09:47:45Z" duration-ms="17209" status="PASS">
          <params>
            <param index="0">
              <value>
                <![CDATA[Check the Functionality of APP]]>
              </value>
            </param>
          </params>
          <reporter-output>
          </reporter-output>
        </test-method> <!-- feature -->
        <test-method is-config="true" signature="reportFlush(org.testng.ITestResult)[pri:0, instance:Runner.Runner@258d79be]" started-at="2022-07-27T09:47:45Z" name="reportFlush" finished-at="2022-07-27T09:47:45Z" duration-ms="47" status="PASS">
          <params>
            <param index="0">
              <value>
                <![CDATA[[TestResult name=feature status=SUCCESS method=AbstractTestNGCucumberTests.feature(cucumber.api.testng.CucumberFeatureWrapper)[pri:0, instance:Runner.Runner@258d79be] output={null}]]]>
              </value>
            </param>
          </params>
          <reporter-output>
          </reporter-output>
        </test-method> <!-- reportFlush -->
        <test-method is-config="true" signature="startTest(java.lang.reflect.Method)[pri:0, instance:Runner.Runner@258d79be]" started-at="2022-07-27T09:47:45Z" name="startTest" finished-at="2022-07-27T09:47:45Z" duration-ms="1" status="PASS">
          <params>
            <param index="0">
              <value>
                <![CDATA[public void cucumber.api.testng.AbstractTestNGCucumberTests.feature(cucumber.api.testng.CucumberFeatureWrapper)]]>
              </value>
            </param>
          </params>
          <reporter-output>
          </reporter-output>
        </test-method> <!-- startTest -->
        <test-method signature="feature(cucumber.api.testng.CucumberFeatureWrapper)[pri:0, instance:Runner.Runner@258d79be]" started-at="2022-07-27T09:47:45Z" name="feature" description="Runs Cucumber Feature" data-provider="features" finished-at="2022-07-27T09:47:58Z" duration-ms="12975" status="PASS">
          <params>
            <param index="0">
              <value>
                <![CDATA[Check the Functionality of Content]]>
              </value>
            </param>
          </params>
          <reporter-output>
          </reporter-output>
        </test-method> <!-- feature -->
        <test-method is-config="true" signature="reportFlush(org.testng.ITestResult)[pri:0, instance:Runner.Runner@258d79be]" started-at="2022-07-27T09:47:58Z" name="reportFlush" finished-at="2022-07-27T09:47:58Z" duration-ms="37" status="PASS">
          <params>
            <param index="0">
              <value>
                <![CDATA[[TestResult name=feature status=SUCCESS method=AbstractTestNGCucumberTests.feature(cucumber.api.testng.CucumberFeatureWrapper)[pri:0, instance:Runner.Runner@258d79be] output={null}]]]>
              </value>
            </param>
          </params>
          <reporter-output>
          </reporter-output>
        </test-method> <!-- reportFlush -->
        <test-method signature="feature(cucumber.api.testng.CucumberFeatureWrapper)[pri:0, instance:Runner.Runner@258d79be]" started-at="2022-07-27T09:47:58Z" name="feature" description="Runs Cucumber Feature" data-provider="features" finished-at="2022-07-27T09:48:49Z" duration-ms="51486" status="PASS">
          <params>
            <param index="0">
              <value>
                <![CDATA[Check the Functionality of OS]]>
              </value>
            </param>
          </params>
          <reporter-output>
          </reporter-output>
        </test-method> <!-- feature -->
        <test-method is-config="true" signature="startTest(java.lang.reflect.Method)[pri:0, instance:Runner.Runner@258d79be]" started-at="2022-07-27T09:47:58Z" name="startTest" finished-at="2022-07-27T09:47:58Z" duration-ms="0" status="PASS">
          <params>
            <param index="0">
              <value>
                <![CDATA[public void cucumber.api.testng.AbstractTestNGCucumberTests.feature(cucumber.api.testng.CucumberFeatureWrapper)]]>
              </value>
            </param>
          </params>
          <reporter-output>
          </reporter-output>
        </test-method> <!-- startTest -->
        <test-method is-config="true" signature="reportFlush(org.testng.ITestResult)[pri:0, instance:Runner.Runner@258d79be]" started-at="2022-07-27T09:48:49Z" name="reportFlush" finished-at="2022-07-27T09:48:49Z" duration-ms="42" status="PASS">
          <params>
            <param index="0">
              <value>
                <![CDATA[[TestResult name=feature status=SUCCESS method=AbstractTestNGCucumberTests.feature(cucumber.api.testng.CucumberFeatureWrapper)[pri:0, instance:Runner.Runner@258d79be] output={null}]]]>
              </value>
            </param>
          </params>
          <reporter-output>
          </reporter-output>
        </test-method> <!-- reportFlush -->
        <test-method is-config="true" signature="startTest(java.lang.reflect.Method)[pri:0, instance:Runner.Runner@258d79be]" started-at="2022-07-27T09:48:49Z" name="startTest" finished-at="2022-07-27T09:48:49Z" duration-ms="1" status="PASS">
          <params>
            <param index="0">
              <value>
                <![CDATA[public void cucumber.api.testng.AbstractTestNGCucumberTests.feature(cucumber.api.testng.CucumberFeatureWrapper)]]>
              </value>
            </param>
          </params>
          <reporter-output>
          </reporter-output>
        </test-method> <!-- startTest -->
        <test-method signature="feature(cucumber.api.testng.CucumberFeatureWrapper)[pri:0, instance:Runner.Runner@258d79be]" started-at="2022-07-27T09:48:49Z" name="feature" description="Runs Cucumber Feature" data-provider="features" finished-at="2022-07-27T09:49:03Z" duration-ms="13346" status="PASS">
          <params>
            <param index="0">
              <value>
                <![CDATA[Check the Functionality of View]]>
              </value>
            </param>
          </params>
          <reporter-output>
          </reporter-output>
        </test-method> <!-- feature -->
        <test-method is-config="true" signature="reportFlush(org.testng.ITestResult)[pri:0, instance:Runner.Runner@258d79be]" started-at="2022-07-27T09:49:03Z" name="reportFlush" finished-at="2022-07-27T09:49:03Z" duration-ms="34" status="PASS">
          <params>
            <param index="0">
              <value>
                <![CDATA[[TestResult name=feature status=SUCCESS method=AbstractTestNGCucumberTests.feature(cucumber.api.testng.CucumberFeatureWrapper)[pri:0, instance:Runner.Runner@258d79be] output={null}]]]>
              </value>
            </param>
          </params>
          <reporter-output>
          </reporter-output>
        </test-method> <!-- reportFlush -->
        <test-method is-config="true" signature="tearDownClass()[pri:0, instance:Runner.Runner@258d79be]" started-at="2022-07-27T09:49:03Z" name="tearDownClass" finished-at="2022-07-27T09:49:03Z" duration-ms="152" status="PASS">
          <reporter-output>
          </reporter-output>
        </test-method> <!-- tearDownClass -->
        <test-method is-config="true" signature="tearDown()[pri:0, instance:Runner.Runner@258d79be]" started-at="2022-07-27T09:49:03Z" name="tearDown" finished-at="2022-07-27T09:49:03Z" duration-ms="66" status="PASS">
          <reporter-output>
          </reporter-output>
        </test-method> <!-- tearDown -->
      </class> <!-- Runner.Runner -->
    </test> <!-- Default test -->
  </suite> <!-- Default suite -->
</testng-results>
